<?xml version="1.0" encoding="UTF-8"?>
<testsuite xmlns:xsi="http://www.w3.org/2001/XMLSchema-instance" xsi:noNamespaceSchemaLocation="https://maven.apache.org/surefire/maven-surefire-plugin/xsd/surefire-test-report-3.0.xsd" version="3.0" name="org.example.StringCalculatorTest" time="0.093" tests="7" errors="0" skipped="0" failures="0">
  <properties>
[...]
</properties>
  <testcase name="testAddSingleNumber" classname="org.example.StringCalculatorTest" time="0.051"/>
  <testcase name="testAddNegativeNumbers" classname="org.example.StringCalculatorTest" time="0.005"/>
  <testcase name="testAddTwoNumbers" classname="org.example.StringCalculatorTest" time="0.001"/>
  <testcase name="testAddEmptyString" classname="org.example.StringCalculatorTest" time="0.001"/>
  <testcase name="testAddNumbersGreaterThanThousand" classname="org.example.StringCalculatorTest" time="0.002"/>
  <testcase name="testAddWithNewlines" classname="org.example.StringCalculatorTest" time="0.001"/>
  <testcase name="testAddMultipleNumbers" classname="org.example.StringCalculatorTest" time="0.001"/>
</testsuite>